TN:
SF:/home/caseyb/git/jprimer/server/src/app.js
FN:15,(anonymous_0)
FNF:1
FNH:1
FNDA:7,(anonymous_0)
DA:1,1
DA:2,1
DA:4,1
DA:5,1
DA:6,1
DA:7,1
DA:8,1
DA:10,1
DA:11,1
DA:12,1
DA:13,1
DA:15,1
DA:17,7
DA:19,7
DA:20,0
DA:27,7
DA:29,7
DA:32,1
LF:18
LH:17
BRDA:19,0,0,0
BRDA:19,0,1,7
BRF:2
BRH:1
end_of_record
TN:
SF:/home/caseyb/git/jprimer/server/src/busywait.js
FN:1,(anonymous_0)
FNF:1
FNH:0
FNDA:0,(anonymous_0)
DA:1,1
DA:2,0
DA:4,0
DA:5,0
DA:6,0
DA:7,0
LF:6
LH:1
BRDA:6,0,0,0
BRDA:6,0,1,0
BRF:2
BRH:0
end_of_record
TN:
SF:/home/caseyb/git/jprimer/server/src/config.js
FN:4,Config
FN:15,(anonymous_1)
FN:19,(anonymous_2)
FNF:3
FNH:2
FNDA:1,Config
FNDA:7,(anonymous_1)
FNDA:0,(anonymous_2)
DA:1,1
DA:2,1
DA:5,1
DA:6,1
DA:15,1
DA:16,7
DA:19,1
DA:20,0
DA:23,1
LF:9
LH:8
BRF:0
BRH:0
end_of_record
TN:
SF:/home/caseyb/git/jprimer/server/src/server.js
FN:11,(anonymous_0)
FN:27,normalizePort
FN:41,onError
FN:64,onListening
FNF:4
FNH:0
FNDA:0,(anonymous_0)
FNDA:0,normalizePort
FNDA:0,onError
FNDA:0,onListening
DA:1,0
DA:2,0
DA:3,0
DA:4,0
DA:6,0
DA:7,0
DA:8,0
DA:11,0
DA:12,0
DA:13,0
DA:18,0
DA:19,0
DA:21,0
DA:22,0
DA:23,0
DA:24,0
DA:28,0
DA:30,0
DA:31,0
DA:34,0
DA:35,0
DA:38,0
DA:42,0
DA:43,0
DA:46,0
DA:50,0
DA:52,0
DA:53,0
DA:54,0
DA:56,0
DA:57,0
DA:58,0
DA:60,0
DA:65,0
DA:66,0
DA:69,0
LF:36
LH:0
BRDA:6,0,0,0
BRDA:6,0,1,0
BRDA:30,1,0,0
BRDA:30,1,1,0
BRDA:34,2,0,0
BRDA:34,2,1,0
BRDA:42,3,0,0
BRDA:42,3,1,0
BRDA:46,4,0,0
BRDA:46,4,1,0
BRDA:50,5,0,0
BRDA:50,5,1,0
BRDA:50,5,2,0
BRDA:66,6,0,0
BRDA:66,6,1,0
BRF:15
BRH:0
end_of_record
