{"/home/caseyb/git/jprimer/client/src/client.js": {"path":"/home/caseyb/git/jprimer/client/src/client.js","statementMap":{"0":{"start":{"line":1,"column":15},"end":{"line":1,"column":34}},"1":{"start":{"line":2,"column":15},"end":{"line":2,"column":34}},"2":{"start":{"line":4,"column":0},"end":{"line":4,"column":119}},"3":{"start":{"line":5,"column":0},"end":{"line":5,"column":65}}},"fnMap":{},"branchMap":{},"s":{"0":0,"1":0,"2":0,"3":0},"f":{},"b":{}}
,"/home/caseyb/git/jprimer/client/src/config.js": {"path":"/home/caseyb/git/jprimer/client/src/config.js","statementMap":{"0":{"start":{"line":1,"column":11},"end":{"line":1,"column":24}},"1":{"start":{"line":2,"column":14},"end":{"line":2,"column":30}},"2":{"start":{"line":5,"column":4},"end":{"line":5,"column":23}},"3":{"start":{"line":6,"column":4},"end":{"line":13,"column":7}},"4":{"start":{"line":16,"column":0},"end":{"line":18,"column":2}},"5":{"start":{"line":17,"column":4},"end":{"line":17,"column":26}},"6":{"start":{"line":20,"column":0},"end":{"line":20,"column":30}}},"fnMap":{"0":{"name":"Config","decl":{"start":{"line":4,"column":9},"end":{"line":4,"column":15}},"loc":{"start":{"line":4,"column":18},"end":{"line":14,"column":1}},"line":4},"1":{"name":"(anonymous_1)","decl":{"start":{"line":16,"column":23},"end":{"line":16,"column":24}},"loc":{"start":{"line":16,"column":37},"end":{"line":18,"column":1}},"line":16}},"branchMap":{},"s":{"0":2,"1":2,"2":2,"3":2,"4":2,"5":40025,"6":2},"f":{"0":2,"1":40025},"b":{},"_coverageSchema":"43e27e138ebf9cfc5966b082cf9a028302ed4184","hash":"61ef9339defff84e07bbf13bccc6ca1562c5b742"}
,"/home/caseyb/git/jprimer/client/src/output.js": {"path":"/home/caseyb/git/jprimer/client/src/output.js","statementMap":{"0":{"start":{"line":1,"column":0},"end":{"line":12,"column":2}},"1":{"start":{"line":2,"column":4},"end":{"line":5,"column":5}},"2":{"start":{"line":3,"column":8},"end":{"line":3,"column":47}},"3":{"start":{"line":4,"column":8},"end":{"line":4,"column":21}},"4":{"start":{"line":6,"column":4},"end":{"line":9,"column":5}},"5":{"start":{"line":7,"column":8},"end":{"line":7,"column":48}},"6":{"start":{"line":8,"column":8},"end":{"line":8,"column":21}},"7":{"start":{"line":10,"column":4},"end":{"line":10,"column":62}},"8":{"start":{"line":11,"column":4},"end":{"line":11,"column":16}}},"fnMap":{"0":{"name":"(anonymous_0)","decl":{"start":{"line":1,"column":17},"end":{"line":1,"column":18}},"loc":{"start":{"line":1,"column":31},"end":{"line":12,"column":1}},"line":1}},"branchMap":{"0":{"loc":{"start":{"line":2,"column":4},"end":{"line":5,"column":5}},"type":"if","locations":[{"start":{"line":2,"column":4},"end":{"line":5,"column":5}},{"start":{"line":2,"column":4},"end":{"line":5,"column":5}}],"line":2},"1":{"loc":{"start":{"line":6,"column":4},"end":{"line":9,"column":5}},"type":"if","locations":[{"start":{"line":6,"column":4},"end":{"line":9,"column":5}},{"start":{"line":6,"column":4},"end":{"line":9,"column":5}}],"line":6}},"s":{"0":2,"1":20013,"2":1,"3":1,"4":20012,"5":1,"6":1,"7":20011,"8":20011},"f":{"0":20013},"b":{"0":[1,20012],"1":[1,20011]},"_coverageSchema":"43e27e138ebf9cfc5966b082cf9a028302ed4184","hash":"4ec2956173993e151b1a117bd5250fbc62667899"}
,"/home/caseyb/git/jprimer/client/src/request.js": {"path":"/home/caseyb/git/jprimer/client/src/request.js","statementMap":{"0":{"start":{"line":1,"column":15},"end":{"line":1,"column":34}},"1":{"start":{"line":2,"column":14},"end":{"line":2,"column":30}},"2":{"start":{"line":4,"column":0},"end":{"line":14,"column":2}},"3":{"start":{"line":5,"column":4},"end":{"line":13,"column":7}},"4":{"start":{"line":6,"column":8},"end":{"line":12,"column":15}},"5":{"start":{"line":8,"column":16},"end":{"line":8,"column":39}},"6":{"start":{"line":11,"column":16},"end":{"line":11,"column":30}}},"fnMap":{"0":{"name":"(anonymous_0)","decl":{"start":{"line":4,"column":17},"end":{"line":4,"column":18}},"loc":{"start":{"line":4,"column":29},"end":{"line":14,"column":1}},"line":4},"1":{"name":"(anonymous_1)","decl":{"start":{"line":5,"column":23},"end":{"line":5,"column":24}},"loc":{"start":{"line":5,"column":44},"end":{"line":13,"column":5}},"line":5},"2":{"name":"(anonymous_2)","decl":{"start":{"line":7,"column":18},"end":{"line":7,"column":19}},"loc":{"start":{"line":7,"column":32},"end":{"line":9,"column":13}},"line":7},"3":{"name":"(anonymous_3)","decl":{"start":{"line":10,"column":19},"end":{"line":10,"column":20}},"loc":{"start":{"line":10,"column":30},"end":{"line":12,"column":13}},"line":10}},"branchMap":{},"s":{"0":2,"1":2,"2":2,"3":20012,"4":20012,"5":20011,"6":1},"f":{"0":20012,"1":20012,"2":20011,"3":1},"b":{},"_coverageSchema":"43e27e138ebf9cfc5966b082cf9a028302ed4184","hash":"681027e8685887f0fdd4060ac9514222d268642c"}
,"/home/caseyb/git/jprimer/client/src/search.js": {"path":"/home/caseyb/git/jprimer/client/src/search.js","statementMap":{"0":{"start":{"line":1,"column":15},"end":{"line":1,"column":34}},"1":{"start":{"line":2,"column":16},"end":{"line":2,"column":36}},"2":{"start":{"line":3,"column":15},"end":{"line":3,"column":34}},"3":{"start":{"line":4,"column":13},"end":{"line":4,"column":28}},"4":{"start":{"line":5,"column":11},"end":{"line":5,"column":38}},"5":{"start":{"line":6,"column":13},"end":{"line":6,"column":28}},"6":{"start":{"line":7,"column":26},"end":{"line":7,"column":52}},"7":{"start":{"line":9,"column":0},"end":{"line":39,"column":2}},"8":{"start":{"line":10,"column":16},"end":{"line":10,"column":26}},"9":{"start":{"line":11,"column":16},"end":{"line":13,"column":6}},"10":{"start":{"line":12,"column":8},"end":{"line":12,"column":31}},"11":{"start":{"line":15,"column":14},"end":{"line":15,"column":38}},"12":{"start":{"line":16,"column":12},"end":{"line":16,"column":49}},"13":{"start":{"line":17,"column":14},"end":{"line":17,"column":58}},"14":{"start":{"line":18,"column":25},"end":{"line":18,"column":49}},"15":{"start":{"line":20,"column":4},"end":{"line":36,"column":5}},"16":{"start":{"line":21,"column":8},"end":{"line":25,"column":9}},"17":{"start":{"line":22,"column":12},"end":{"line":24,"column":15}},"18":{"start":{"line":23,"column":16},"end":{"line":23,"column":73}},"19":{"start":{"line":27,"column":8},"end":{"line":32,"column":11}},"20":{"start":{"line":28,"column":12},"end":{"line":28,"column":29}},"21":{"start":{"line":29,"column":12},"end":{"line":29,"column":52}},"22":{"start":{"line":31,"column":12},"end":{"line":31,"column":31}},"23":{"start":{"line":34,"column":8},"end":{"line":34,"column":49}},"24":{"start":{"line":35,"column":8},"end":{"line":35,"column":138}},"25":{"start":{"line":38,"column":4},"end":{"line":38,"column":17}}},"fnMap":{"0":{"name":"(anonymous_0)","decl":{"start":{"line":9,"column":17},"end":{"line":9,"column":18}},"loc":{"start":{"line":9,"column":41},"end":{"line":39,"column":1}},"line":9},"1":{"name":"(anonymous_1)","decl":{"start":{"line":11,"column":80},"end":{"line":11,"column":81}},"loc":{"start":{"line":11,"column":92},"end":{"line":13,"column":5}},"line":11},"2":{"name":"(anonymous_2)","decl":{"start":{"line":22,"column":90},"end":{"line":22,"column":91}},"loc":{"start":{"line":22,"column":101},"end":{"line":24,"column":13}},"line":22},"3":{"name":"(anonymous_3)","decl":{"start":{"line":27,"column":33},"end":{"line":27,"column":34}},"loc":{"start":{"line":27,"column":53},"end":{"line":30,"column":9}},"line":27},"4":{"name":"(anonymous_4)","decl":{"start":{"line":30,"column":17},"end":{"line":30,"column":18}},"loc":{"start":{"line":30,"column":28},"end":{"line":32,"column":9}},"line":30}},"branchMap":{"0":{"loc":{"start":{"line":21,"column":8},"end":{"line":25,"column":9}},"type":"if","locations":[{"start":{"line":21,"column":8},"end":{"line":25,"column":9}},{"start":{"line":21,"column":8},"end":{"line":25,"column":9}}],"line":21}},"s":{"0":1,"1":1,"2":1,"3":1,"4":1,"5":1,"6":1,"7":1,"8":2,"9":2,"10":20010,"11":2,"12":2,"13":2,"14":2,"15":2,"16":20010,"17":1,"18":1,"19":20010,"20":20010,"21":20010,"22":0,"23":20010,"24":20010,"25":2},"f":{"0":2,"1":20010,"2":1,"3":20010,"4":0},"b":{"0":[1,20009]},"_coverageSchema":"43e27e138ebf9cfc5966b082cf9a028302ed4184","hash":"d602dd9ba4cbf29fe749f24c2e894e519fb6a5bc"}
}
