TN:
SF:/home/caseyb/git/jprimer/client/src/client.js
FNF:0
FNH:0
DA:1,0
DA:2,0
DA:4,0
DA:5,0
LF:4
LH:0
BRF:0
BRH:0
end_of_record
TN:
SF:/home/caseyb/git/jprimer/client/src/config.js
FN:4,Config
FN:16,(anonymous_1)
FNF:2
FNH:2
FNDA:2,Config
FNDA:40025,(anonymous_1)
DA:1,2
DA:2,2
DA:5,2
DA:6,2
DA:16,2
DA:17,40025
DA:20,2
LF:7
LH:7
BRF:0
BRH:0
end_of_record
TN:
SF:/home/caseyb/git/jprimer/client/src/output.js
FN:1,(anonymous_0)
FNF:1
FNH:1
FNDA:20013,(anonymous_0)
DA:1,2
DA:2,20013
DA:3,1
DA:4,1
DA:6,20012
DA:7,1
DA:8,1
DA:10,20011
DA:11,20011
LF:9
LH:9
BRDA:2,0,0,1
BRDA:2,0,1,20012
BRDA:6,1,0,1
BRDA:6,1,1,20011
BRF:4
BRH:4
end_of_record
TN:
SF:/home/caseyb/git/jprimer/client/src/request.js
FN:4,(anonymous_0)
FN:5,(anonymous_1)
FN:7,(anonymous_2)
FN:10,(anonymous_3)
FNF:4
FNH:4
FNDA:20012,(anonymous_0)
FNDA:20012,(anonymous_1)
FNDA:20011,(anonymous_2)
FNDA:1,(anonymous_3)
DA:1,2
DA:2,2
DA:4,2
DA:5,20012
DA:6,20012
DA:8,20011
DA:11,1
LF:7
LH:7
BRF:0
BRH:0
end_of_record
TN:
SF:/home/caseyb/git/jprimer/client/src/search.js
FN:9,(anonymous_0)
FN:11,(anonymous_1)
FN:22,(anonymous_2)
FN:27,(anonymous_3)
FN:30,(anonymous_4)
FNF:5
FNH:4
FNDA:2,(anonymous_0)
FNDA:20010,(anonymous_1)
FNDA:1,(anonymous_2)
FNDA:20010,(anonymous_3)
FNDA:0,(anonymous_4)
DA:1,1
DA:2,1
DA:3,1
DA:4,1
DA:5,1
DA:6,1
DA:7,1
DA:9,1
DA:10,2
DA:11,2
DA:12,20010
DA:15,2
DA:16,2
DA:17,2
DA:18,2
DA:20,2
DA:21,20010
DA:22,1
DA:23,1
DA:27,20010
DA:28,20010
DA:29,20010
DA:31,0
DA:34,20010
DA:35,20010
DA:38,2
LF:26
LH:25
BRDA:21,0,0,1
BRDA:21,0,1,20009
BRF:2
BRH:2
end_of_record
